Analysis & Synthesis report for nRisc
Thu Jun 09 22:59:31 2022
Quartus II 64-Bit Version 13.0.1 Build 232 06/12/2013 Service Pack 1 SJ Web Edition


---------------------
; Table of Contents ;
---------------------
  1. Legal Notice
  2. Analysis & Synthesis Summary
  3. Analysis & Synthesis Settings
  4. Parallel Compilation
  5. Analysis & Synthesis Source Files Read
  6. Analysis & Synthesis Resource Usage Summary
  7. Analysis & Synthesis Resource Utilization by Entity
  8. General Register Statistics
  9. Elapsed Time Per Partition
 10. Analysis & Synthesis Messages
 11. Analysis & Synthesis Suppressed Messages



----------------
; Legal Notice ;
----------------
Copyright (C) 1991-2013 Altera Corporation
Your use of Altera Corporation's design tools, logic functions 
and other software and tools, and its AMPP partner logic 
functions, and any output files from any of the foregoing 
(including device programming or simulation files), and any 
associated documentation or information are expressly subject 
to the terms and conditions of the Altera Program License 
Subscription Agreement, Altera MegaCore Function License 
Agreement, or other applicable license agreement, including, 
without limitation, that your use is for the sole purpose of 
programming logic devices manufactured by Altera and sold by 
Altera or its authorized distributors.  Please refer to the 
applicable agreement for further details.



+--------------------------------------------------------------------------------------+
; Analysis & Synthesis Summary                                                         ;
+------------------------------------+-------------------------------------------------+
; Analysis & Synthesis Status        ; Successful - Thu Jun 09 22:59:31 2022           ;
; Quartus II 64-Bit Version          ; 13.0.1 Build 232 06/12/2013 SP 1 SJ Web Edition ;
; Revision Name                      ; nRisc                                           ;
; Top-level Entity Name              ; nRisc                                           ;
; Family                             ; Cyclone II                                      ;
; Total logic elements               ; 0                                               ;
;     Total combinational functions  ; 0                                               ;
;     Dedicated logic registers      ; 0                                               ;
; Total registers                    ; 0                                               ;
; Total pins                         ; 2                                               ;
; Total virtual pins                 ; 0                                               ;
; Total memory bits                  ; 0                                               ;
; Embedded Multiplier 9-bit elements ; 0                                               ;
; Total PLLs                         ; 0                                               ;
+------------------------------------+-------------------------------------------------+


+----------------------------------------------------------------------------------------------------------------------+
; Analysis & Synthesis Settings                                                                                        ;
+----------------------------------------------------------------------------+--------------------+--------------------+
; Option                                                                     ; Setting            ; Default Value      ;
+----------------------------------------------------------------------------+--------------------+--------------------+
; Device                                                                     ; EP2C35F672C6       ;                    ;
; Top-level entity name                                                      ; nRisc              ; nRisc              ;
; Family name                                                                ; Cyclone II         ; Cyclone IV GX      ;
; Use smart compilation                                                      ; Off                ; Off                ;
; Enable parallel Assembler and TimeQuest Timing Analyzer during compilation ; On                 ; On                 ;
; Enable compact report table                                                ; Off                ; Off                ;
; Restructure Multiplexers                                                   ; Auto               ; Auto               ;
; Create Debugging Nodes for IP Cores                                        ; Off                ; Off                ;
; Preserve fewer node names                                                  ; On                 ; On                 ;
; Disable OpenCore Plus hardware evaluation                                  ; Off                ; Off                ;
; Verilog Version                                                            ; Verilog_2001       ; Verilog_2001       ;
; VHDL Version                                                               ; VHDL_1993          ; VHDL_1993          ;
; State Machine Processing                                                   ; Auto               ; Auto               ;
; Safe State Machine                                                         ; Off                ; Off                ;
; Extract Verilog State Machines                                             ; On                 ; On                 ;
; Extract VHDL State Machines                                                ; On                 ; On                 ;
; Ignore Verilog initial constructs                                          ; Off                ; Off                ;
; Iteration limit for constant Verilog loops                                 ; 5000               ; 5000               ;
; Iteration limit for non-constant Verilog loops                             ; 250                ; 250                ;
; Add Pass-Through Logic to Inferred RAMs                                    ; On                 ; On                 ;
; Infer RAMs from Raw Logic                                                  ; On                 ; On                 ;
; Parallel Synthesis                                                         ; On                 ; On                 ;
; DSP Block Balancing                                                        ; Auto               ; Auto               ;
; NOT Gate Push-Back                                                         ; On                 ; On                 ;
; Power-Up Don't Care                                                        ; On                 ; On                 ;
; Remove Redundant Logic Cells                                               ; Off                ; Off                ;
; Remove Duplicate Registers                                                 ; On                 ; On                 ;
; Ignore CARRY Buffers                                                       ; Off                ; Off                ;
; Ignore CASCADE Buffers                                                     ; Off                ; Off                ;
; Ignore GLOBAL Buffers                                                      ; Off                ; Off                ;
; Ignore ROW GLOBAL Buffers                                                  ; Off                ; Off                ;
; Ignore LCELL Buffers                                                       ; Off                ; Off                ;
; Ignore SOFT Buffers                                                        ; On                 ; On                 ;
; Limit AHDL Integers to 32 Bits                                             ; Off                ; Off                ;
; Optimization Technique                                                     ; Balanced           ; Balanced           ;
; Carry Chain Length                                                         ; 70                 ; 70                 ;
; Auto Carry Chains                                                          ; On                 ; On                 ;
; Auto Open-Drain Pins                                                       ; On                 ; On                 ;
; Perform WYSIWYG Primitive Resynthesis                                      ; Off                ; Off                ;
; Auto ROM Replacement                                                       ; On                 ; On                 ;
; Auto RAM Replacement                                                       ; On                 ; On                 ;
; Auto Shift Register Replacement                                            ; Auto               ; Auto               ;
; Allow Shift Register Merging across Hierarchies                            ; Auto               ; Auto               ;
; Auto Clock Enable Replacement                                              ; On                 ; On                 ;
; Strict RAM Replacement                                                     ; Off                ; Off                ;
; Allow Synchronous Control Signals                                          ; On                 ; On                 ;
; Force Use of Synchronous Clear Signals                                     ; Off                ; Off                ;
; Auto RAM to Logic Cell Conversion                                          ; Off                ; Off                ;
; Auto Resource Sharing                                                      ; Off                ; Off                ;
; Allow Any RAM Size For Recognition                                         ; Off                ; Off                ;
; Allow Any ROM Size For Recognition                                         ; Off                ; Off                ;
; Allow Any Shift Register Size For Recognition                              ; Off                ; Off                ;
; Use LogicLock Constraints during Resource Balancing                        ; On                 ; On                 ;
; Ignore translate_off and synthesis_off directives                          ; Off                ; Off                ;
; Timing-Driven Synthesis                                                    ; Off                ; Off                ;
; Report Parameter Settings                                                  ; On                 ; On                 ;
; Report Source Assignments                                                  ; On                 ; On                 ;
; Report Connectivity Checks                                                 ; On                 ; On                 ;
; Ignore Maximum Fan-Out Assignments                                         ; Off                ; Off                ;
; Synchronization Register Chain Length                                      ; 2                  ; 2                  ;
; PowerPlay Power Optimization                                               ; Normal compilation ; Normal compilation ;
; HDL message level                                                          ; Level2             ; Level2             ;
; Suppress Register Optimization Related Messages                            ; Off                ; Off                ;
; Number of Removed Registers Reported in Synthesis Report                   ; 5000               ; 5000               ;
; Number of Swept Nodes Reported in Synthesis Report                         ; 5000               ; 5000               ;
; Number of Inverted Registers Reported in Synthesis Report                  ; 100                ; 100                ;
; Clock MUX Protection                                                       ; On                 ; On                 ;
; Auto Gated Clock Conversion                                                ; Off                ; Off                ;
; Block Design Naming                                                        ; Auto               ; Auto               ;
; SDC constraint protection                                                  ; Off                ; Off                ;
; Synthesis Effort                                                           ; Auto               ; Auto               ;
; Shift Register Replacement - Allow Asynchronous Clear Signal               ; On                 ; On                 ;
; Pre-Mapping Resynthesis Optimization                                       ; Off                ; Off                ;
; Analysis & Synthesis Message Level                                         ; Medium             ; Medium             ;
; Disable Register Merging Across Hierarchies                                ; Auto               ; Auto               ;
; Resource Aware Inference For Block RAM                                     ; On                 ; On                 ;
; Synthesis Seed                                                             ; 1                  ; 1                  ;
+----------------------------------------------------------------------------+--------------------+--------------------+


Parallel compilation was disabled, but you have multiple processors available. Enable parallel compilation to reduce compilation time.
+-------------------------------------+
; Parallel Compilation                ;
+----------------------------+--------+
; Processors                 ; Number ;
+----------------------------+--------+
; Number detected on machine ; 4      ;
; Maximum allowed            ; 1      ;
+----------------------------+--------+


+--------------------------------------------------------------------------------------------------------------------------------------------------------------------+
; Analysis & Synthesis Source Files Read                                                                                                                             ;
+----------------------------------+-----------------+------------------------------+----------------------------------------------------------------------+---------+
; File Name with User-Entered Path ; Used in Netlist ; File Type                    ; File Name with Absolute Path                                         ; Library ;
+----------------------------------+-----------------+------------------------------+----------------------------------------------------------------------+---------+
; nrisc.v                          ; yes             ; Auto-Found Verilog HDL File  ; C:/altera/13.0sp1/QuartusProjects/Git-Verilog/nRisc/nrisc.v          ;         ;
; pc.v                             ; yes             ; Auto-Found Verilog HDL File  ; C:/altera/13.0sp1/QuartusProjects/Git-Verilog/nRisc/pc.v             ;         ;
; registradores.v                  ; yes             ; Auto-Found Verilog HDL File  ; C:/altera/13.0sp1/QuartusProjects/Git-Verilog/nRisc/registradores.v  ;         ;
; extensor2para8.v                 ; yes             ; Auto-Found Verilog HDL File  ; C:/altera/13.0sp1/QuartusProjects/Git-Verilog/nRisc/extensor2para8.v ;         ;
; extensor6para8.v                 ; yes             ; Auto-Found Verilog HDL File  ; C:/altera/13.0sp1/QuartusProjects/Git-Verilog/nRisc/extensor6para8.v ;         ;
; muxzero.v                        ; yes             ; Auto-Found Verilog HDL File  ; C:/altera/13.0sp1/QuartusProjects/Git-Verilog/nRisc/muxzero.v        ;         ;
; controle.v                       ; yes             ; Auto-Found Verilog HDL File  ; C:/altera/13.0sp1/QuartusProjects/Git-Verilog/nRisc/controle.v       ;         ;
; mux.v                            ; yes             ; Auto-Found Verilog HDL File  ; C:/altera/13.0sp1/QuartusProjects/Git-Verilog/nRisc/mux.v            ;         ;
; ula.v                            ; yes             ; Auto-Found Verilog HDL File  ; C:/altera/13.0sp1/QuartusProjects/Git-Verilog/nRisc/ula.v            ;         ;
; somadorpc.v                      ; yes             ; Auto-Found Verilog HDL File  ; C:/altera/13.0sp1/QuartusProjects/Git-Verilog/nRisc/somadorpc.v      ;         ;
; memdados.v                       ; yes             ; Auto-Found Verilog HDL File  ; C:/altera/13.0sp1/QuartusProjects/Git-Verilog/nRisc/memdados.v       ;         ;
; meminst.v                        ; yes             ; Auto-Found Verilog HDL File  ; C:/altera/13.0sp1/QuartusProjects/Git-Verilog/nRisc/meminst.v        ;         ;
+----------------------------------+-----------------+------------------------------+----------------------------------------------------------------------+---------+


+-----------------------------------------------------+
; Analysis & Synthesis Resource Usage Summary         ;
+---------------------------------------------+-------+
; Resource                                    ; Usage ;
+---------------------------------------------+-------+
;                                             ;       ;
; Total combinational functions               ; 0     ;
; Logic element usage by number of LUT inputs ;       ;
;     -- 4 input functions                    ; 0     ;
;     -- 3 input functions                    ; 0     ;
;     -- <=2 input functions                  ; 0     ;
;                                             ;       ;
; Logic elements by mode                      ;       ;
;     -- normal mode                          ; 0     ;
;     -- arithmetic mode                      ; 0     ;
;                                             ;       ;
; Total registers                             ; 0     ;
;     -- Dedicated logic registers            ; 0     ;
;     -- I/O registers                        ; 0     ;
;                                             ;       ;
; I/O pins                                    ; 2     ;
; Embedded Multiplier 9-bit elements          ; 0     ;
+---------------------------------------------+-------+


+-----------------------------------------------------------------------------------------------------------------------------------------------------------------------------+
; Analysis & Synthesis Resource Utilization by Entity                                                                                                                         ;
+----------------------------+-------------------+--------------+-------------+--------------+---------+-----------+------+--------------+---------------------+--------------+
; Compilation Hierarchy Node ; LC Combinationals ; LC Registers ; Memory Bits ; DSP Elements ; DSP 9x9 ; DSP 18x18 ; Pins ; Virtual Pins ; Full Hierarchy Name ; Library Name ;
+----------------------------+-------------------+--------------+-------------+--------------+---------+-----------+------+--------------+---------------------+--------------+
; |nRisc                     ; 0 (0)             ; 0 (0)        ; 0           ; 0            ; 0       ; 0         ; 2    ; 0            ; |nRisc              ; work         ;
+----------------------------+-------------------+--------------+-------------+--------------+---------+-----------+------+--------------+---------------------+--------------+
Note: For table entries with two numbers listed, the numbers in parentheses indicate the number of resources of the given type used by the specific entity alone. The numbers listed outside of parentheses indicate the total resources of the given type used by the specific entity and all of its sub-entities in the hierarchy.


+------------------------------------------------------+
; General Register Statistics                          ;
+----------------------------------------------+-------+
; Statistic                                    ; Value ;
+----------------------------------------------+-------+
; Total registers                              ; 0     ;
; Number of registers using Synchronous Clear  ; 0     ;
; Number of registers using Synchronous Load   ; 0     ;
; Number of registers using Asynchronous Clear ; 0     ;
; Number of registers using Asynchronous Load  ; 0     ;
; Number of registers using Clock Enable       ; 0     ;
; Number of registers using Preset             ; 0     ;
+----------------------------------------------+-------+


+-------------------------------+
; Elapsed Time Per Partition    ;
+----------------+--------------+
; Partition Name ; Elapsed Time ;
+----------------+--------------+
; Top            ; 00:00:00     ;
+----------------+--------------+


+-------------------------------+
; Analysis & Synthesis Messages ;
+-------------------------------+
Info: *******************************************************************
Info: Running Quartus II 64-Bit Analysis & Synthesis
    Info: Version 13.0.1 Build 232 06/12/2013 Service Pack 1 SJ Web Edition
    Info: Processing started: Thu Jun 09 22:59:29 2022
Info: Command: quartus_map --read_settings_files=on --write_settings_files=off nRisc -c nRisc
Warning (20028): Parallel compilation is not licensed and has been disabled
Warning (12125): Using design file nrisc.v, which is not specified as a design file for the current project, but contains definitions for 1 design units and 1 entities in project
    Info (12023): Found entity 1: nRisc
Info (12127): Elaborating entity "nRisc" for the top level hierarchy
Warning (12125): Using design file pc.v, which is not specified as a design file for the current project, but contains definitions for 1 design units and 1 entities in project
    Info (12023): Found entity 1: pc
Info (12128): Elaborating entity "pc" for hierarchy "pc:pc_Module"
Warning (12125): Using design file registradores.v, which is not specified as a design file for the current project, but contains definitions for 1 design units and 1 entities in project
    Info (12023): Found entity 1: registradores
Info (12128): Elaborating entity "registradores" for hierarchy "registradores:registradores_Module"
Warning (12125): Using design file extensor2para8.v, which is not specified as a design file for the current project, but contains definitions for 1 design units and 1 entities in project
    Info (12023): Found entity 1: extensor2para8
Info (12128): Elaborating entity "extensor2para8" for hierarchy "extensor2para8:extensor2para8_Module"
Warning (12125): Using design file extensor6para8.v, which is not specified as a design file for the current project, but contains definitions for 1 design units and 1 entities in project
    Info (12023): Found entity 1: extensor6para8
Info (12128): Elaborating entity "extensor6para8" for hierarchy "extensor6para8:extensor6para8_Module"
Warning (12125): Using design file muxzero.v, which is not specified as a design file for the current project, but contains definitions for 1 design units and 1 entities in project
    Info (12023): Found entity 1: Muxzero
Info (12128): Elaborating entity "Muxzero" for hierarchy "Muxzero:Muxzero_Module"
Warning (10240): Verilog HDL Always Construct warning at muxzero.v(11): inferring latch(es) for variable "out", which holds its previous value in one or more paths through the always construct
Info (10041): Inferred latch for "out[0]" at muxzero.v(11)
Info (10041): Inferred latch for "out[1]" at muxzero.v(11)
Info (10041): Inferred latch for "out[2]" at muxzero.v(11)
Info (10041): Inferred latch for "out[3]" at muxzero.v(11)
Info (10041): Inferred latch for "out[4]" at muxzero.v(11)
Info (10041): Inferred latch for "out[5]" at muxzero.v(11)
Info (10041): Inferred latch for "out[6]" at muxzero.v(11)
Info (10041): Inferred latch for "out[7]" at muxzero.v(11)
Warning (12125): Using design file controle.v, which is not specified as a design file for the current project, but contains definitions for 1 design units and 1 entities in project
    Info (12023): Found entity 1: Controle
Info (12128): Elaborating entity "Controle" for hierarchy "Controle:controle_Module"
Warning (10230): Verilog HDL assignment warning at controle.v(72): truncated value with size 32 to match size of target (1)
Warning (10175): Verilog HDL warning at controle.v(134): ignoring unsupported system task
Warning (10240): Verilog HDL Always Construct warning at controle.v(16): inferring latch(es) for variable "jump", which holds its previous value in one or more paths through the always construct
Warning (10240): Verilog HDL Always Construct warning at controle.v(16): inferring latch(es) for variable "memtoReg", which holds its previous value in one or more paths through the always construct
Warning (10240): Verilog HDL Always Construct warning at controle.v(16): inferring latch(es) for variable "memRead", which holds its previous value in one or more paths through the always construct
Warning (10240): Verilog HDL Always Construct warning at controle.v(16): inferring latch(es) for variable "memWrite", which holds its previous value in one or more paths through the always construct
Warning (10240): Verilog HDL Always Construct warning at controle.v(16): inferring latch(es) for variable "ULAsrc", which holds its previous value in one or more paths through the always construct
Warning (10240): Verilog HDL Always Construct warning at controle.v(16): inferring latch(es) for variable "regWrite", which holds its previous value in one or more paths through the always construct
Warning (10240): Verilog HDL Always Construct warning at controle.v(16): inferring latch(es) for variable "beq", which holds its previous value in one or more paths through the always construct
Warning (10240): Verilog HDL Always Construct warning at controle.v(16): inferring latch(es) for variable "atr", which holds its previous value in one or more paths through the always construct
Warning (10240): Verilog HDL Always Construct warning at controle.v(16): inferring latch(es) for variable "ULAop", which holds its previous value in one or more paths through the always construct
Info (10041): Inferred latch for "ULAop[0]" at controle.v(16)
Info (10041): Inferred latch for "ULAop[1]" at controle.v(16)
Info (10041): Inferred latch for "ULAop[2]" at controle.v(16)
Info (10041): Inferred latch for "atr" at controle.v(16)
Info (10041): Inferred latch for "beq" at controle.v(16)
Info (10041): Inferred latch for "regWrite" at controle.v(16)
Info (10041): Inferred latch for "ULAsrc" at controle.v(16)
Info (10041): Inferred latch for "memWrite" at controle.v(16)
Info (10041): Inferred latch for "memRead" at controle.v(16)
Info (10041): Inferred latch for "memtoReg" at controle.v(16)
Info (10041): Inferred latch for "jump" at controle.v(16)
Warning (12090): Entity "Mux" obtained from "mux.v" instead of from Quartus II megafunction library
Warning (12125): Using design file mux.v, which is not specified as a design file for the current project, but contains definitions for 1 design units and 1 entities in project
    Info (12023): Found entity 1: Mux
Info (12128): Elaborating entity "Mux" for hierarchy "Mux:Mux_REGtoULA"
Warning (10240): Verilog HDL Always Construct warning at mux.v(8): inferring latch(es) for variable "out", which holds its previous value in one or more paths through the always construct
Info (10041): Inferred latch for "out[0]" at mux.v(8)
Info (10041): Inferred latch for "out[1]" at mux.v(8)
Info (10041): Inferred latch for "out[2]" at mux.v(8)
Info (10041): Inferred latch for "out[3]" at mux.v(8)
Info (10041): Inferred latch for "out[4]" at mux.v(8)
Info (10041): Inferred latch for "out[5]" at mux.v(8)
Info (10041): Inferred latch for "out[6]" at mux.v(8)
Info (10041): Inferred latch for "out[7]" at mux.v(8)
Warning (12125): Using design file ula.v, which is not specified as a design file for the current project, but contains definitions for 1 design units and 1 entities in project
    Info (12023): Found entity 1: ULA
Info (12128): Elaborating entity "ULA" for hierarchy "ULA:ULA_Module"
Warning (10230): Verilog HDL assignment warning at ula.v(17): truncated value with size 32 to match size of target (8)
Warning (10230): Verilog HDL assignment warning at ula.v(19): truncated value with size 32 to match size of target (8)
Warning (12125): Using design file somadorpc.v, which is not specified as a design file for the current project, but contains definitions for 1 design units and 1 entities in project
    Info (12023): Found entity 1: somadorPC
Info (12128): Elaborating entity "somadorPC" for hierarchy "somadorPC:somadorPC_Module"
Warning (10230): Verilog HDL assignment warning at somadorpc.v(12): truncated value with size 32 to match size of target (8)
Warning (12125): Using design file memdados.v, which is not specified as a design file for the current project, but contains definitions for 1 design units and 1 entities in project
    Info (12023): Found entity 1: memDados
Info (12128): Elaborating entity "memDados" for hierarchy "memDados:Memoria"
Warning (12125): Using design file meminst.v, which is not specified as a design file for the current project, but contains definitions for 1 design units and 1 entities in project
    Info (12023): Found entity 1: memInst
Info (12128): Elaborating entity "memInst" for hierarchy "memInst:MemoriaInstrucao"
Warning (10855): Verilog HDL warning at meminst.v(29): initial value for variable inst should be constant
Warning (10030): Net "inst" at meminst.v(25) has no driver or initial value, using a default initial value '0'
Info (144001): Generated suppressed messages file C:/altera/13.0sp1/QuartusProjects/Git-Verilog/nRisc/output_files/nRisc.map.smsg
Info (16010): Generating hard_block partition "hard_block:auto_generated_inst"
    Info (16011): Adding 0 node(s), including 0 DDIO, 0 PLL, 0 transceiver and 0 LCELL
Warning (21074): Design contains 2 input pin(s) that do not drive logic
    Warning (15610): No output dependent on input pin "clock"
    Warning (15610): No output dependent on input pin "reset"
Info (21057): Implemented 2 device resources after synthesis - the final resource count might be different
    Info (21058): Implemented 2 input pins
    Info (21059): Implemented 0 output pins
Info: Quartus II 64-Bit Analysis & Synthesis was successful. 0 errors, 35 warnings
    Info: Peak virtual memory: 4593 megabytes
    Info: Processing ended: Thu Jun 09 22:59:31 2022
    Info: Elapsed time: 00:00:02
    Info: Total CPU time (on all processors): 00:00:02


+------------------------------------------+
; Analysis & Synthesis Suppressed Messages ;
+------------------------------------------+
The suppressed messages can be found in C:/altera/13.0sp1/QuartusProjects/Git-Verilog/nRisc/output_files/nRisc.map.smsg.


